{"/Users/zhuangjunlin/my-project/pkg-template/tsx-rollup-jest/src/HelloWorld.tsx": {"path":"/Users/zhuangjunlin/my-project/pkg-template/tsx-rollup-jest/src/HelloWorld.tsx","statementMap":{"0":{"start":{"line":1,"column":0},"end":{"line":1,"column":38}},"1":{"start":{"line":5,"column":46},"end":{"line":13,"column":1}},"2":{"start":{"line":6,"column":14},"end":{"line":6,"column":23}},"3":{"start":{"line":8,"column":2},"end":{"line":12,"column":4}},"4":{"start":{"line":15,"column":0},"end":{"line":15,"column":26}}},"fnMap":{"0":{"name":"(anonymous_6)","decl":{"start":{"line":5,"column":46},"end":{"line":5,"column":49}},"loc":{"start":{"line":5,"column":51},"end":{"line":13,"column":1}}}},"branchMap":{},"s":{"0":2,"1":2,"2":1,"3":1,"4":2},"f":{"0":1},"b":{}}
,"/Users/zhuangjunlin/my-project/pkg-template/tsx-rollup-jest/src/index.ts": {"path":"/Users/zhuangjunlin/my-project/pkg-template/tsx-rollup-jest/src/index.ts","statementMap":{"0":{"start":{"line":1,"column":13},"end":{"line":1,"column":26}},"1":{"start":{"line":2,"column":0},"end":{"line":2,"column":18}},"2":{"start":{"line":4,"column":16},"end":{"line":6,"column":1}},"3":{"start":{"line":5,"column":2},"end":{"line":5,"column":14}},"4":{"start":{"line":7,"column":0},"end":{"line":7,"column":23}},"5":{"start":{"line":8,"column":0},"end":{"line":8,"column":9}},"6":{"start":{"line":8,"column":9},"end":{"line":8,"column":30}}},"fnMap":{"0":{"name":"(anonymous_1)","decl":{"start":{"line":4,"column":16},"end":{"line":4,"column":27}},"loc":{"start":{"line":4,"column":29},"end":{"line":6,"column":1}}},"1":{"name":"(anonymous_2)","decl":{"start":{"line":8,"column":9},"end":{"line":8,"column":16}},"loc":{"start":{"line":8,"column":9},"end":{"line":8,"column":30}}}},"branchMap":{},"s":{"0":1,"1":1,"2":1,"3":1,"4":1,"5":1,"6":1},"f":{"0":1,"1":0},"b":{}}
}
